\BOOKMARK [1][-]{section.1}{\376\377\000I\000n\000t\000r\000o\000d\000u\000c\000t\000i\000o\000n}{}% 1
\BOOKMARK [1][-]{section.2}{\376\377\000F\000r\000a\000m\000e\000w\000o\000r\000k\000s\000\040\000U\000s\000e\000d}{}% 2
\BOOKMARK [2][-]{subsection.2.1}{\376\377\000A\000p\000p\000\040\000D\000e\000v\000e\000l\000o\000p\000m\000e\000n\000t\000:\000\040\000F\000l\000a\000s\000k}{section.2}% 3
\BOOKMARK [2][-]{subsection.2.2}{\376\377\000P\000y\000t\000h\000o\000n\000\040\000L\000i\000b\000r\000a\000r\000i\000e\000s\000:\000\040\000M\000a\000t\000p\000l\000o\000t\000l\000i\000b\000,\000\040\000N\000u\000m\000p\000y\000,\000\040\000P\000a\000n\000d\000a\000s\000,\000\040\000S\000k\000l\000e\000a\000r\000n\000,\000\040\000P\000l\000o\000t\000l\000y\000,\000\040\000W\000T\000F\000o\000r\000m\000s}{section.2}% 4
\BOOKMARK [2][-]{subsection.2.3}{\376\377\000S\000t\000y\000l\000i\000n\000g\000:\000\040\000B\000o\000o\000t\000s\000t\000r\000a\000p}{section.2}% 5
\BOOKMARK [2][-]{subsection.2.4}{\376\377\000C\000o\000n\000t\000a\000i\000n\000e\000r\000i\000z\000a\000t\000i\000o\000n\000:\000\040\000D\000o\000c\000k\000e\000r}{section.2}% 6
\BOOKMARK [2][-]{subsection.2.5}{\376\377\000H\000o\000s\000t\000i\000n\000g\000:\000\040\000D\000o\000c\000k\000e\000r\000\040\000H\000u\000b\000/\000G\000i\000t\000h\000u\000b}{section.2}% 7
\BOOKMARK [1][-]{section.3}{\376\377\000H\000o\000w\000\040\000T\000o\000\040\000R\000u\000n\000\040\000T\000h\000e\000\040\000A\000p\000p}{}% 8
\BOOKMARK [2][-]{subsection.3.1}{\376\377\000G\000e\000n\000e\000r\000a\000l\000\040\000S\000t\000e\000p\000s}{section.3}% 9
\BOOKMARK [2][-]{subsection.3.2}{\376\377\000C\000o\000d\000e}{section.3}% 10
\BOOKMARK [1][-]{section.4}{\376\377\000A\000n\000\040\000A\000p\000p\000\040\000T\000u\000t\000o\000r\000i\000a\000l}{}% 11
\BOOKMARK [2][-]{subsection.4.1}{\376\377\000`\000`\000e\000x\000p\000l\000o\000r\000e\000\040\000t\000h\000e\000\040\000e\000n\000g\000i\000n\000e\000"}{section.4}% 12
\BOOKMARK [2][-]{subsection.4.2}{\376\377\000`\000`\000e\000x\000p\000l\000o\000r\000e\000\040\000t\000h\000e\000\040\000e\000n\000g\000i\000n\000e\000:\000\040\000l\000i\000s\000t\000\040\000i\000n\000p\000u\000t\000"}{section.4}% 13
\BOOKMARK [3][-]{subsubsection.4.2.1}{\376\377\000`\000`\000l\000i\000s\000t\000\040\000i\000n\000p\000u\000t\000'\000s\000'\000'\000\040\000L\000i\000m\000i\000t\000a\000t\000i\000o\000n\000s}{subsection.4.2}% 14
\BOOKMARK [2][-]{subsection.4.3}{\376\377\000`\000`\000e\000x\000p\000l\000o\000r\000e\000\040\000t\000h\000e\000\040\000e\000n\000g\000i\000n\000e\000:\000\040\000m\000i\000n\000i\000m\000i\000n\000p\000u\000t\000"}{section.4}% 15
\BOOKMARK [2][-]{subsection.4.4}{\376\377\000`\000`\000i\000m\000a\000g\000e\000\040\000c\000o\000m\000p\000r\000e\000s\000s\000o\000r\000"}{section.4}% 16
\BOOKMARK [3][-]{subsubsection.4.4.1}{\376\377\000U\000n\000d\000e\000r\000\040\000t\000h\000e\000\040\000H\000o\000o\000d\000:\000\040\000P\000r\000i\000n\000c\000i\000p\000a\000l\000\040\000C\000o\000m\000p\000o\000n\000e\000n\000t\000s\000\040\000A\000n\000a\000l\000y\000s\000i\000s}{subsection.4.4}% 17
\BOOKMARK [3][-]{subsubsection.4.4.2}{\376\377\000R\000u\000n\000n\000i\000n\000g\000\040\000t\000h\000e\000\040\000c\000o\000m\000p\000r\000e\000s\000s\000o\000r}{subsection.4.4}% 18
\BOOKMARK [3][-]{subsubsection.4.4.3}{\376\377\000`\000`\000i\000m\000a\000g\000e\000\040\000c\000o\000m\000p\000r\000e\000s\000s\000o\000r\000'\000s\000'\000'\000\040\000L\000i\000m\000i\000t\000a\000t\000i\000o\000n\000s}{subsection.4.4}% 19
\BOOKMARK [1][-]{section.5}{\376\377\000A\000\040\000S\000u\000r\000f\000a\000c\000e\000\040\000L\000e\000v\000e\000l\000\040\000C\000o\000d\000i\000n\000g\000\040\000W\000a\000l\000k\000t\000h\000r\000o\000u\000g\000h}{}% 20
\BOOKMARK [2][-]{subsection.5.1}{\376\377\000i\000m\000a\000g\000e\000P\000i\000x\000e\000l\000s}{section.5}% 21
\BOOKMARK [2][-]{subsection.5.2}{\376\377\000g\000r\000a\000p\000h\000I\000t\000M\000P\000L}{section.5}% 22
\BOOKMARK [2][-]{subsection.5.3}{\376\377\000g\000r\000a\000p\000h\000I\000t\000P\000l\000o\000t\000l\000y}{section.5}% 23
\BOOKMARK [2][-]{subsection.5.4}{\376\377\000c\000o\000r\000n\000e\000r\000s\000F\000r\000o\000m\000E\000a\000s\000y}{section.5}% 24
\BOOKMARK [1][-]{section.6}{\376\377\000C\000o\000n\000c\000l\000u\000s\000i\000o\000n}{}% 25
